2025-02-13 15:28:30,062 INFO app.py \U0001f680 Starting Data Ingestion...
2025-02-13 15:28:30,062 INFO data_ingestion.py i am starting the data ingestion...
2025-02-13 15:28:34,987 INFO connection.py Successfully connected to MongoDB database...
2025-02-13 15:28:43,349 INFO data_ingestion.py sucessfully getting data from the mongodb database...
2025-02-13 15:28:43,350 INFO data_ingestion.py creating artifact directory..
2025-02-13 15:28:43,694 INFO data_ingestion.py Splitting data into train and test sets...
2025-02-13 15:28:44,021 INFO data_ingestion.py Sucessfully split data into train and test sets...
2025-02-13 15:28:44,059 INFO data_ingestion.py pushing training and testing data to the ingested directory..
2025-02-13 15:28:44,064 INFO data_ingestion.py succesfully exist from the data ingestion
2025-02-13 15:28:44,065 INFO data_ingestion.py Data ingestion artifact : DataIngestionArtifact(train_file_path='artifact\\data_ingestion\\ingested\\train.csv', test_file_path='artifact\\data_ingestion\\ingested\\test.csv')
2025-02-13 15:28:44,090 INFO app.py \u2705 Data Ingestion completed successfully.
2025-02-13 15:28:44,090 INFO app.py \U0001f680 Starting Data Transformation...
2025-02-13 15:28:44,090 INFO datatransformation.py Starting the data transformation...
2025-02-13 15:29:09,974 INFO datatransformation.py Data transformation completed successfully.
2025-02-13 15:29:09,981 INFO app.py \u2705 Data Transformation completed successfully.
2025-02-13 15:29:09,981 INFO app.py \U0001f680 Starting Model Training...
2025-02-13 15:29:09,981 INFO model_trainer.py Reading training data...
2025-02-13 15:29:10,161 INFO model_trainer.py Initializing PyCaret setup...
2025-02-13 15:29:17,930 INFO model_trainer.py Comparing models to find the best one...
2025-02-13 15:30:18,976 INFO model_trainer.py Best model selected: LGBMClassifier(boosting_type='gbdt', class_weight=None, colsample_bytree=1.0,
               importance_type='split', learning_rate=0.1, max_depth=-1,
               min_child_samples=20, min_child_weight=0.001, min_split_gain=0.0,
               n_estimators=100, n_jobs=-1, num_leaves=31, objective=None,
               random_state=42, reg_alpha=0.0, reg_lambda=0.0, subsample=1.0,
               subsample_for_bin=200000, subsample_freq=0)
2025-02-13 15:30:18,976 INFO model_trainer.py Saving the trained model...
2025-02-13 15:30:19,015 INFO model_trainer.py Model saved successfully at artifact\best_model_directory\best_model.pkl
2025-02-13 15:30:19,017 INFO app.py \u2705 Model Training completed successfully. Best model saved at: artifact\best_model_directory\best_model.pkl
